[01:57:59] [main/WARN]: Ambiguity between arguments [teleport, destination] and [teleport, targets] with inputs: [Player, 0123, @e, dd12be42-52a9-4a91-a8a1-11c01849e498]
[01:57:59] [main/WARN]: Ambiguity between arguments [teleport, location] and [teleport, destination] with inputs: [0.1 -0.5 .9, 0 0 0]
[01:57:59] [main/WARN]: Ambiguity between arguments [teleport, location] and [teleport, targets] with inputs: [0.1 -0.5 .9, 0 0 0]
[01:57:59] [main/WARN]: Ambiguity between arguments [teleport, targets] and [teleport, destination] with inputs: [Player, 0123, dd12be42-52a9-4a91-a8a1-11c01849e498]
[01:57:59] [main/WARN]: Ambiguity between arguments [teleport, targets, location] and [teleport, targets, destination] with inputs: [0.1 -0.5 .9, 0 0 0]
[01:58:01] [Server thread/INFO]: Starting minecraft server version 1.14.4
[01:58:01] [Server thread/INFO]: Loading properties
[01:58:01] [Server thread/INFO]: Default game type: SURVIVAL
[01:58:01] [Server thread/INFO]: Generating keypair
[01:58:01] [Server thread/INFO]: Starting Minecraft server on 192.168.1.203:25565
[01:58:01] [Server thread/INFO]: Using default channel type
[01:58:02] [Server thread/INFO]: Preparing level "world"
[01:58:02] [Server thread/INFO]: Reloading ResourceManager: Default
[01:58:03] [Server thread/INFO]: Loaded 6 recipes
[01:58:03] [Server thread/INFO]: Loaded 811 advancements
[01:58:03] [Server thread/INFO]: Preparing start region for dimension minecraft:overworld
[01:58:04] [Server thread/INFO]: Preparing spawn area: 0%
[01:58:04] [Server thread/INFO]: Preparing spawn area: 18%
[01:58:04] [Server thread/INFO]: Time elapsed: 664 ms
[01:58:04] [Server thread/INFO]: Done (1.379s)! For help, type "help"
[01:58:11] [Server thread/INFO]: Stopping the server
[01:58:11] [Server thread/INFO]: Stopping server
[01:58:11] [Server thread/INFO]: Saving players
[01:58:11] [Server thread/INFO]: Saving worlds
[01:58:11] [Server thread/INFO]: Saving chunks for level 'world'/minecraft:the_nether
[01:58:11] [Server thread/INFO]: ThreadedAnvilChunkStorage (DIM-1): All chunks are saved
[01:58:11] [Server thread/INFO]: Saving chunks for level 'world'/minecraft:the_end
[01:58:12] [Server thread/INFO]: ThreadedAnvilChunkStorage (DIM1): All chunks are saved
[01:58:12] [Server thread/INFO]: Saving chunks for level 'world'/minecraft:overworld
[01:58:12] [Server thread/INFO]: ThreadedAnvilChunkStorage (world): All chunks are saved
[01:58:12] [Server thread/INFO]: ThreadedAnvilChunkStorage (DIM-1): All chunks are saved
[01:58:12] [Server thread/INFO]: ThreadedAnvilChunkStorage (DIM1): All chunks are saved
[01:58:12] [Server thread/INFO]: ThreadedAnvilChunkStorage (world): All chunks are saved
